<?xml version="1.0" encoding="UTF-8"?>
<coverage generated="1609907207422" clover="3.2.0">
  <project timestamp="1609907207423" name="All files">
    <metrics statements="26" coveredstatements="8" conditionals="2" coveredconditionals="0" methods="7" coveredmethods="2" elements="35" coveredelements="10" complexity="0" loc="26" ncloc="26" packages="1" files="1" classes="1"/>
    <file name="item.ts" path="/home/terra/Documents/system33/typescript/trading/src/structure/item.ts">
      <metrics statements="26" coveredstatements="8" conditionals="2" coveredconditionals="0" methods="7" coveredmethods="2"/>
      <line num="1" count="1" type="stmt"/>
      <line num="10" count="1" type="stmt"/>
      <line num="16" count="0" type="stmt"/>
      <line num="17" count="0" type="stmt"/>
      <line num="18" count="0" type="stmt"/>
      <line num="19" count="0" type="stmt"/>
      <line num="22" count="1" type="stmt"/>
      <line num="23" count="0" type="cond" truecount="0" falsecount="1"/>
      <line num="24" count="0" type="stmt"/>
      <line num="27" count="1" type="stmt"/>
      <line num="28" count="0" type="cond" truecount="0" falsecount="1"/>
      <line num="29" count="0" type="stmt"/>
      <line num="32" count="1" type="stmt"/>
      <line num="34" count="0" type="stmt"/>
      <line num="36" count="0" type="stmt"/>
      <line num="41" count="0" type="stmt"/>
      <line num="42" count="0" type="stmt"/>
      <line num="44" count="0" type="stmt"/>
      <line num="45" count="0" type="stmt"/>
      <line num="46" count="0" type="stmt"/>
      <line num="47" count="0" type="stmt"/>
      <line num="48" count="0" type="stmt"/>
      <line num="51" count="1" type="stmt"/>
      <line num="54" count="1" type="stmt"/>
      <line num="55" count="2" type="stmt"/>
      <line num="59" count="0" type="stmt"/>
    </file>
  </project>
</coverage>
