{"/home/terra/Documents/system33/typescript/trading/src/structure/item.ts": {"path":"/home/terra/Documents/system33/typescript/trading/src/structure/item.ts","statementMap":{"0":{"start":{"line":1,"column":0},"end":{"line":1,"column":30}},"1":{"start":{"line":10,"column":0},"end":{"line":10,"column":13}},"2":{"start":{"line":16,"column":2},"end":{"line":16,"column":null}},"3":{"start":{"line":17,"column":2},"end":{"line":17,"column":null}},"4":{"start":{"line":18,"column":2},"end":{"line":18,"column":null}},"5":{"start":{"line":19,"column":2},"end":{"line":19,"column":null}},"6":{"start":{"line":22,"column":7},"end":{"line":25,"column":null}},"7":{"start":{"line":23,"column":22},"end":{"line":23,"column":null}},"8":{"start":{"line":23,"column":8},"end":{"line":23,"column":null}},"9":{"start":{"line":24,"column":2},"end":{"line":24,"column":null}},"10":{"start":{"line":27,"column":7},"end":{"line":30,"column":null}},"11":{"start":{"line":28,"column":16},"end":{"line":28,"column":null}},"12":{"start":{"line":28,"column":8},"end":{"line":28,"column":null}},"13":{"start":{"line":29,"column":2},"end":{"line":29,"column":null}},"14":{"start":{"line":32,"column":14},"end":{"line":49,"column":null}},"15":{"start":{"line":34,"column":8},"end":{"line":34,"column":null}},"16":{"start":{"line":36,"column":8},"end":{"line":40,"column":null}},"17":{"start":{"line":41,"column":14},"end":{"line":41,"column":null}},"18":{"start":{"line":41,"column":8},"end":{"line":41,"column":null}},"19":{"start":{"line":42,"column":22},"end":{"line":42,"column":null}},"20":{"start":{"line":42,"column":8},"end":{"line":42,"column":null}},"21":{"start":{"line":44,"column":8},"end":{"line":44,"column":null}},"22":{"start":{"line":45,"column":8},"end":{"line":45,"column":null}},"23":{"start":{"line":46,"column":8},"end":{"line":46,"column":null}},"24":{"start":{"line":47,"column":8},"end":{"line":47,"column":null}},"25":{"start":{"line":48,"column":2},"end":{"line":48,"column":null}},"26":{"start":{"line":51,"column":0},"end":{"line":51,"column":null}},"27":{"start":{"line":10,"column":13},"end":{"line":10,"column":17}},"28":{"start":{"line":55,"column":1},"end":{"line":55,"column":null}},"29":{"start":{"line":54,"column":0},"end":{"line":54,"column":16}},"30":{"start":{"line":59,"column":1},"end":{"line":59,"column":null}}},"fnMap":{"0":{"name":"(anonymous_14)","decl":{"start":{"line":10,"column":0},"end":{"line":10,"column":13}},"loc":{"start":{"line":10,"column":0},"end":{"line":51,"column":null}}},"1":{"name":"Item","decl":{"start":{"line":15,"column":1},"end":{"line":15,"column":13}},"loc":{"start":{"line":15,"column":23},"end":{"line":20,"column":2}}},"2":{"name":"(anonymous_16)","decl":{"start":{"line":22,"column":1},"end":{"line":22,"column":7}},"loc":{"start":{"line":22,"column":1},"end":{"line":25,"column":null}}},"3":{"name":"(anonymous_19)","decl":{"start":{"line":27,"column":1},"end":{"line":27,"column":7}},"loc":{"start":{"line":27,"column":1},"end":{"line":30,"column":null}}},"4":{"name":"(anonymous_22)","decl":{"start":{"line":32,"column":1},"end":{"line":32,"column":14}},"loc":{"start":{"line":32,"column":33},"end":{"line":49,"column":null}}},"5":{"name":"parseUrl","decl":{"start":{"line":54,"column":16},"end":{"line":54,"column":24}},"loc":{"start":{"line":54,"column":42},"end":{"line":56,"column":1}}},"6":{"name":"getTimeSecond","decl":{"start":{"line":58,"column":9},"end":{"line":58,"column":22}},"loc":{"start":{"line":58,"column":22},"end":{"line":60,"column":1}}}},"branchMap":{"0":{"loc":{"start":{"line":23,"column":22},"end":{"line":23,"column":null}},"type":"switch","locations":[{"start":{"line":23,"column":22},"end":{"line":23,"column":null}}]},"1":{"loc":{"start":{"line":28,"column":16},"end":{"line":28,"column":null}},"type":"switch","locations":[{"start":{"line":28,"column":16},"end":{"line":28,"column":null}}]}},"s":{"0":1,"1":1,"2":0,"3":0,"4":0,"5":0,"6":1,"7":0,"8":0,"9":0,"10":1,"11":0,"12":0,"13":0,"14":1,"15":0,"16":0,"17":0,"18":0,"19":0,"20":0,"21":0,"22":0,"23":0,"24":0,"25":0,"26":1,"27":1,"28":2,"29":1,"30":0},"f":{"0":1,"1":0,"2":0,"3":0,"4":0,"5":2,"6":0},"b":{"0":[0],"1":[0]}}
}
