TN:
SF:src/structure/item.ts
FN:10,(anonymous_14)
FN:15,Item
FN:22,(anonymous_16)
FN:27,(anonymous_19)
FN:32,(anonymous_22)
FN:54,parseUrl
FN:58,getTimeSecond
FNF:7
FNH:2
FNDA:1,(anonymous_14)
FNDA:0,Item
FNDA:0,(anonymous_16)
FNDA:0,(anonymous_19)
FNDA:0,(anonymous_22)
FNDA:2,parseUrl
FNDA:0,getTimeSecond
DA:1,1
DA:10,1
DA:16,0
DA:17,0
DA:18,0
DA:19,0
DA:22,1
DA:23,0
DA:24,0
DA:27,1
DA:28,0
DA:29,0
DA:32,1
DA:34,0
DA:36,0
DA:41,0
DA:42,0
DA:44,0
DA:45,0
DA:46,0
DA:47,0
DA:48,0
DA:51,1
DA:54,1
DA:55,2
DA:59,0
LF:26
LH:8
BRDA:23,0,0,0
BRDA:28,1,0,0
BRF:2
BRH:0
end_of_record
